Determining if the pthread_create exist failed with the following output:
Change Dir: /home/kim/Where_Am_I/catkin_ws/build/CMakeFiles/CMakeTmp

Run Build Command:"/usr/bin/make" "cmTC_87ab7/fast"
/usr/bin/make -f CMakeFiles/cmTC_87ab7.dir/build.make CMakeFiles/cmTC_87ab7.dir/build
make[1]: Entering directory '/home/kim/Where_Am_I/catkin_ws/build/CMakeFiles/CMakeTmp'
Building C object CMakeFiles/cmTC_87ab7.dir/CheckSymbolExists.c.o
/usr/bin/cc     -o CMakeFiles/cmTC_87ab7.dir/CheckSymbolExists.c.o   -c /home/kim/Where_Am_I/catkin_ws/build/CMakeFiles/CMakeTmp/CheckSymbolExists.c
Linking C executable cmTC_87ab7
/usr/bin/cmake -E cmake_link_script CMakeFiles/cmTC_87ab7.dir/link.txt --verbose=1
/usr/bin/cc       CMakeFiles/cmTC_87ab7.dir/CheckSymbolExists.c.o  -o cmTC_87ab7 -rdynamic 
CMakeFiles/cmTC_87ab7.dir/CheckSymbolExists.c.o: In function `main':
CheckSymbolExists.c:(.text+0x16): undefined reference to `pthread_create'
collect2: error: ld returned 1 exit status
CMakeFiles/cmTC_87ab7.dir/build.make:97: recipe for target 'cmTC_87ab7' failed
make[1]: *** [cmTC_87ab7] Error 1
make[1]: Leaving directory '/home/kim/Where_Am_I/catkin_ws/build/CMakeFiles/CMakeTmp'
Makefile:126: recipe for target 'cmTC_87ab7/fast' failed
make: *** [cmTC_87ab7/fast] Error 2

File /home/kim/Where_Am_I/catkin_ws/build/CMakeFiles/CMakeTmp/CheckSymbolExists.c:
/* */
#include <pthread.h>

int main(int argc, char** argv)
{
  (void)argv;
#ifndef pthread_create
  return ((int*)(&pthread_create))[argc];
#else
  (void)argc;
  return 0;
#endif
}

Determining if the function pthread_create exists in the pthreads failed with the following output:
Change Dir: /home/kim/Where_Am_I/catkin_ws/build/CMakeFiles/CMakeTmp

Run Build Command:"/usr/bin/make" "cmTC_8479c/fast"
/usr/bin/make -f CMakeFiles/cmTC_8479c.dir/build.make CMakeFiles/cmTC_8479c.dir/build
make[1]: Entering directory '/home/kim/Where_Am_I/catkin_ws/build/CMakeFiles/CMakeTmp'
Building C object CMakeFiles/cmTC_8479c.dir/CheckFunctionExists.c.o
/usr/bin/cc    -DCHECK_FUNCTION_EXISTS=pthread_create   -o CMakeFiles/cmTC_8479c.dir/CheckFunctionExists.c.o   -c /usr/share/cmake-3.5/Modules/CheckFunctionExists.c
Linking C executable cmTC_8479c
/usr/bin/cmake -E cmake_link_script CMakeFiles/cmTC_8479c.dir/link.txt --verbose=1
/usr/bin/cc   -DCHECK_FUNCTION_EXISTS=pthread_create    CMakeFiles/cmTC_8479c.dir/CheckFunctionExists.c.o  -o cmTC_8479c -rdynamic -lpthreads 
/usr/bin/ld: cannot find -lpthreads
collect2: error: ld returned 1 exit status
CMakeFiles/cmTC_8479c.dir/build.make:97: recipe for target 'cmTC_8479c' failed
make[1]: *** [cmTC_8479c] Error 1
make[1]: Leaving directory '/home/kim/Where_Am_I/catkin_ws/build/CMakeFiles/CMakeTmp'
Makefile:126: recipe for target 'cmTC_8479c/fast' failed
make: *** [cmTC_8479c/fast] Error 2


